  [1m[35m (181.6ms)[0m  [1m[35mCREATE DATABASE "budget_friendly_development" ENCODING = 'unicode'[0m
  [1m[35m (65.4ms)[0m  [1m[35mCREATE DATABASE "budget_friendly_test" ENCODING = 'unicode'[0m
  [1m[35m (5.2ms)[0m  [1m[35mCREATE TABLE "schema_migrations" ("version" character varying NOT NULL PRIMARY KEY)[0m
  [1m[35m (1.4ms)[0m  [1m[35mCREATE TABLE "ar_internal_metadata" ("key" character varying NOT NULL PRIMARY KEY, "value" character varying, "created_at" timestamp(6) NOT NULL, "updated_at" timestamp(6) NOT NULL)[0m
  [1m[35m (0.1ms)[0m  [1m[34mSELECT pg_try_advisory_lock(5665054455536286825)[0m
  [1m[36mActiveRecord::SchemaMigration Pluck (0.2ms)[0m  [1m[34mSELECT "schema_migrations"."version" FROM "schema_migrations" ORDER BY "schema_migrations"."version" ASC[0m
Migrating to CreateUsers (20240203035449)
  [1m[36mTRANSACTION (0.1ms)[0m  [1m[35mBEGIN[0m
  [1m[35m (2.0ms)[0m  [1m[35mCREATE TABLE "users" ("id" bigserial primary key, "first_name" character varying, "last_name" character varying, "created_at" timestamp(6) NOT NULL, "updated_at" timestamp(6) NOT NULL)[0m
  [1m[36mActiveRecord::SchemaMigration Create (0.3ms)[0m  [1m[32mINSERT INTO "schema_migrations" ("version") VALUES ($1) RETURNING "version"[0m  [["version", "20240203035449"]]
  [1m[36mTRANSACTION (0.2ms)[0m  [1m[35mCOMMIT[0m
  [1m[36mActiveRecord::InternalMetadata Load (0.2ms)[0m  [1m[34mSELECT "ar_internal_metadata".* FROM "ar_internal_metadata" WHERE "ar_internal_metadata"."key" = $1 LIMIT $2[0m  [["key", "environment"], ["LIMIT", 1]]
  [1m[36mTRANSACTION (0.1ms)[0m  [1m[35mBEGIN[0m
  [1m[36mActiveRecord::InternalMetadata Create (0.3ms)[0m  [1m[32mINSERT INTO "ar_internal_metadata" ("key", "value", "created_at", "updated_at") VALUES ($1, $2, $3, $4) RETURNING "key"[0m  [["key", "environment"], ["value", "development"], ["created_at", "2024-02-03 03:58:57.555397"], ["updated_at", "2024-02-03 03:58:57.555397"]]
  [1m[36mTRANSACTION (0.2ms)[0m  [1m[35mCOMMIT[0m
  [1m[35m (0.2ms)[0m  [1m[34mSELECT pg_advisory_unlock(5665054455536286825)[0m
  [1m[36mActiveRecord::SchemaMigration Pluck (0.3ms)[0m  [1m[34mSELECT "schema_migrations"."version" FROM "schema_migrations" ORDER BY "schema_migrations"."version" ASC[0m
Started GET "/" for 127.0.0.1 at 2024-02-02 20:59:20 -0700
  [1m[36mActiveRecord::SchemaMigration Pluck (0.6ms)[0m  [1m[34mSELECT "schema_migrations"."version" FROM "schema_migrations" ORDER BY "schema_migrations"."version" ASC[0m
Processing by Rails::WelcomeController#index as HTML
  Rendering /Users/rpape9288/.rbenv/versions/3.1.3/lib/ruby/gems/3.1.0/gems/railties-7.0.8/lib/rails/templates/rails/welcome/index.html.erb
  Rendered /Users/rpape9288/.rbenv/versions/3.1.3/lib/ruby/gems/3.1.0/gems/railties-7.0.8/lib/rails/templates/rails/welcome/index.html.erb (Duration: 1.1ms | Allocations: 581)
Completed 200 OK in 14ms (Views: 4.1ms | ActiveRecord: 0.0ms | Allocations: 6577)


Started GET "/users" for 127.0.0.1 at 2024-02-02 20:59:33 -0700
Processing by UsersController#index as HTML
  Rendering layout layouts/application.html.erb
  Rendering users/index.html.erb within layouts/application
  [1m[36mUser Load (1.8ms)[0m  [1m[34mSELECT "users".* FROM "users"[0m
  ↳ app/views/users/index.html.erb:12
  Rendered collection of templates [0 times] (Duration: 0.0ms | Allocations: 31)
  Rendered users/index.html.erb within layouts/application (Duration: 10.2ms | Allocations: 1654)
  Rendered layout layouts/application.html.erb (Duration: 218.6ms | Allocations: 132500)
Completed 200 OK in 224ms (Views: 218.1ms | ActiveRecord: 1.8ms | Allocations: 134368)


Started GET "/users/new" for 127.0.0.1 at 2024-02-02 20:59:38 -0700
Processing by UsersController#new as HTML
  Rendering layout layouts/application.html.erb
  Rendering users/new.html.erb within layouts/application
  Rendered users/_form.html.erb (Duration: 10.5ms | Allocations: 2783)
  Rendered users/new.html.erb within layouts/application (Duration: 12.0ms | Allocations: 3125)
  Rendered layout layouts/application.html.erb (Duration: 17.9ms | Allocations: 8870)
Completed 200 OK in 49ms (Views: 18.4ms | ActiveRecord: 20.6ms | Allocations: 13144)


Started POST "/users" for 127.0.0.1 at 2024-02-02 20:59:57 -0700
Processing by UsersController#create as TURBO_STREAM
  Parameters: {"authenticity_token"=>"[FILTERED]", "user"=>{"first_name"=>"Robert", "last_name"=>"Pape"}, "commit"=>"Create User"}
  [1m[36mTRANSACTION (0.2ms)[0m  [1m[35mBEGIN[0m
  ↳ app/controllers/users_controller.rb:27:in `block in create'
  [1m[36mUser Create (4.4ms)[0m  [1m[32mINSERT INTO "users" ("first_name", "last_name", "created_at", "updated_at") VALUES ($1, $2, $3, $4) RETURNING "id"[0m  [["first_name", "Robert"], ["last_name", "Pape"], ["created_at", "2024-02-03 03:59:57.708811"], ["updated_at", "2024-02-03 03:59:57.708811"]]
  ↳ app/controllers/users_controller.rb:27:in `block in create'
  [1m[36mTRANSACTION (2.8ms)[0m  [1m[35mCOMMIT[0m
  ↳ app/controllers/users_controller.rb:27:in `block in create'
Redirected to http://127.0.0.1:3000/users/1
Completed 302 Found in 13ms (ActiveRecord: 7.4ms | Allocations: 3836)


Started GET "/users/1" for 127.0.0.1 at 2024-02-02 20:59:57 -0700
Processing by UsersController#show as TURBO_STREAM
  Parameters: {"id"=>"1"}
  [1m[36mUser Load (0.4ms)[0m  [1m[34mSELECT "users".* FROM "users" WHERE "users"."id" = $1 LIMIT $2[0m  [["id", 1], ["LIMIT", 1]]
  ↳ app/controllers/users_controller.rb:63:in `set_user'
  Rendering layout layouts/application.html.erb
  Rendering users/show.html.erb within layouts/application
  Rendered users/_user.html.erb (Duration: 0.7ms | Allocations: 287)
  Rendered users/show.html.erb within layouts/application (Duration: 5.2ms | Allocations: 1712)
  Rendered layout layouts/application.html.erb (Duration: 10.4ms | Allocations: 7361)
Completed 200 OK in 19ms (Views: 11.1ms | ActiveRecord: 3.1ms | Allocations: 10190)


Started GET "/users" for 127.0.0.1 at 2024-02-02 21:00:04 -0700
Processing by UsersController#index as HTML
  Rendering layout layouts/application.html.erb
  Rendering users/index.html.erb within layouts/application
  [1m[36mUser Load (0.4ms)[0m  [1m[34mSELECT "users".* FROM "users"[0m
  ↳ app/views/users/index.html.erb:12
  Rendered collection of users/_user.html.erb [1 times] (Duration: 1.1ms | Allocations: 361)
  Rendered users/index.html.erb within layouts/application (Duration: 6.4ms | Allocations: 1481)
  Rendered layout layouts/application.html.erb (Duration: 17.9ms | Allocations: 7011)
Completed 200 OK in 19ms (Views: 18.2ms | ActiveRecord: 0.4ms | Allocations: 7327)


